Server running at http://localhost:3000
SMTP connection verified for: smtp.amnilmail@gmail.com
Contact mail to: deutigurung@yopmail.com
Contact mail accepted: [ 'deutigurung@yopmail.com' ]
Contact mail rejected: []
Contact mail messageId: <23c58fb5-fe21-cb77-0129-026bfc7cd8c6@gmail.com>
Contact mail response: 250 2.0.0 OK  1777057298 d2e1a72fcca58-82f8e981992sm29487782b3a.7 - gsmtp
Contact mail to: deutigurung@yopmail.com
Contact mail accepted: [ 'deutigurung@yopmail.com' ]
Contact mail rejected: []
Contact mail messageId: <c0112cfb-8a5e-aa0f-f240-ece2cd267ef9@gmail.com>
Contact mail response: 250 2.0.0 OK  1777057735 d2e1a72fcca58-82f8e9d35acsm24953181b3a.15 - gsmtp
Contact mail to: deutigurung@yopmail.com
Contact mail accepted: [ 'deutigurung@yopmail.com' ]
Contact mail rejected: []
Contact mail messageId: <c33744df-0f71-adb6-4e3f-32a647271f4b@gmail.com>
Contact mail response: 250 2.0.0 OK  1777058250 d9443c01a7336-2b5fab28e35sm230400655ad.64 - gsmtp
Contact mail to: deutigurung@yopmail.com
Contact mail accepted: [ 'deutigurung@yopmail.com' ]
Contact mail rejected: []
Contact mail messageId: <431fa38d-076e-b97a-74ac-1955ca55f6f2@gmail.com>
Contact mail response: 250 2.0.0 OK  1777058372 d2e1a72fcca58-82f8e9d2f9asm25725284b3a.19 - gsmtp
